<?xml version="1.0" encoding="UTF-8"?>
<!-- Generated by org.testng.reporters.JUnitXMLReporter -->
<testsuite hostname="DESKTOP-LSREHHM" ignored="0" name="Test" tests="1" failures="1" timestamp="18 Oct 2019 10:21:33 GMT" time="0.286" errors="0">
  <testcase name="testcase" time="0.249" classname="abc.ParalleTest">
    <failure type="java.lang.IllegalStateException" message="The path to the driver executable must be set by the webdriver.gecko.driver system property; for more information, see https://github.com/mozilla/geckodriver. The latest version can be downloaded from https://github.com/mozilla/geckodriver/releases">
      <![CDATA[java.lang.IllegalStateException: The path to the driver executable must be set by the webdriver.gecko.driver system property; for more information, see https://github.com/mozilla/geckodriver. The latest version can be downloaded from https://github.com/mozilla/geckodriver/releases
at com.google.common.base.Preconditions.checkState(Preconditions.java:847)
at org.openqa.selenium.remote.service.DriverService.findExecutable(DriverService.java:125)
at org.openqa.selenium.firefox.GeckoDriverService.access$100(GeckoDriverService.java:43)
at org.openqa.selenium.firefox.GeckoDriverService$Builder.findDefaultExecutable(GeckoDriverService.java:166)
at org.openqa.selenium.remote.service.DriverService$Builder.build(DriverService.java:346)
at org.openqa.selenium.firefox.FirefoxDriver.toExecutor(FirefoxDriver.java:168)
at org.openqa.selenium.firefox.FirefoxDriver.<init>(FirefoxDriver.java:125)
at org.openqa.selenium.firefox.FirefoxDriver.<init>(FirefoxDriver.java:103)
at abc.ParalleTest.testcase(ParalleTest.java:22)
... Removed 25 stack frames]]>
    </failure>
  </testcase> <!-- testcase -->
</testsuite> <!-- Test -->
