<?xml version="1.0" encoding="UTF-8"?>
<testng-results skipped="0" failed="0" ignored="0" total="1" passed="1">
  <reporter-output>
  </reporter-output>
  <suite name="Default suite" duration-ms="29040" started-at="2020-03-21T05:13:41Z" finished-at="2020-03-21T05:14:10Z">
    <groups>
    </groups>
    <test name="Default test" duration-ms="29040" started-at="2020-03-21T05:13:41Z" finished-at="2020-03-21T05:14:10Z">
      <class name="abc.Exc">
        <test-method status="PASS" signature="testcase()[pri:0, instance:abc.Exc@3234e239]" name="testcase" duration-ms="29001" started-at="2020-03-21T05:13:41Z" finished-at="2020-03-21T05:14:10Z">
          <reporter-output>
          </reporter-output>
        </test-method> <!-- testcase -->
      </class> <!-- abc.Exc -->
    </test> <!-- Default test -->
  </suite> <!-- Default suite -->
</testng-results>
